[2016-02-22 15:57:08.577] [INFO] info - Mongo server listening on port 27017
[2016-02-22 15:57:08.581] [INFO] info - Express server listening on port 5000
[2016-02-22 16:01:36.631] [INFO] info - Mongo server listening on port 27017
[2016-02-22 16:01:36.636] [INFO] info - Express server listening on port 5000
[2016-02-22 16:17:22.648] [INFO] info - Mongo server listening on port 27017
[2016-02-22 16:17:22.654] [INFO] info - Express server listening on port 3000
[2016-02-22 16:18:06.344] [INFO] info - /upload route accepted
[2016-02-22 16:18:06.344] [INFO] info - Start uploading the file to server.
[2016-02-22 16:18:06.374] [INFO] info - file uploaded.
[2016-02-22 16:18:06.375] [INFO] info - file uploaded
[2016-02-22 16:18:06.375] [INFO] info - Start uploading the user info.
[2016-02-22 16:18:06.375] [INFO] info - Start to input members to the member_brief field
[2016-02-22 16:18:06.376] [INFO] info - Start to insert to detail
[2016-02-22 16:18:06.441] [INFO] info - Connet to mongo successfully
[2016-02-22 16:18:06.529] [INFO] info - Insert doc into 'detail' collection!
[2016-02-22 16:18:06.529] [INFO] info - Insert doc successfully
[2016-02-22 16:18:06.532] [INFO] info - mongo connections closed
[2016-02-22 16:19:14.061] [INFO] info - Mongo server listening on port 27017
[2016-02-22 16:19:14.066] [INFO] info - Express server listening on port 5000
[2016-02-22 16:22:24.320] [INFO] info - Mongo server listening on port 27017
[2016-02-22 16:22:24.324] [INFO] info - Express server listening on port 5000
[2016-02-22 16:24:06.276] [INFO] info - Mongo server listening on port 27017
[2016-02-22 16:24:06.281] [INFO] info - Express server listening on port 5000
[2016-02-22 16:26:02.910] [INFO] info - Mongo server listening on port 27017
[2016-02-22 16:26:02.916] [INFO] info - Express server listening on port 5000
[2016-02-22 16:26:37.796] [INFO] info - Mongo server listening on port 27017
[2016-02-22 16:26:37.802] [INFO] info - Express server listening on port 5000
[2016-02-22 16:33:56.884] [INFO] info - Mongo server listening on port 27017
[2016-02-22 16:33:56.888] [INFO] info - Express server listening on port 5000
[2016-02-22 16:36:00.764] [INFO] info - Mongo server listening on port 27017
[2016-02-22 16:36:00.771] [INFO] info - Express server listening on port 5000
[2016-02-22 16:36:16.855] [INFO] info - Mongo server listening on port 27017
[2016-02-22 16:36:16.860] [INFO] info - Express server listening on port 5000
[2016-02-22 16:37:06.942] [INFO] info - Mongo server listening on port 27017
[2016-02-22 16:37:06.947] [INFO] info - Express server listening on port 5000
[2016-02-22 16:41:08.499] [INFO] info - Mongo server listening on port 27017
[2016-02-22 16:41:08.504] [INFO] info - Express server listening on port 5000
[2016-02-22 16:43:50.281] [INFO] info - Mongo server listening on port 27017
[2016-02-22 16:43:50.286] [INFO] info - Express server listening on port 5000
[2016-02-22 16:45:50.224] [INFO] info - Mongo server listening on port 27017
[2016-02-22 16:45:50.229] [INFO] info - Express server listening on port 5000
[2016-02-22 16:47:11.740] [INFO] info - Mongo server listening on port 27017
[2016-02-22 16:47:11.746] [INFO] info - Express server listening on port 5000
[2016-02-22 18:08:16.186] [INFO] info - Mongo server listening on port 27017
[2016-02-22 18:08:16.192] [INFO] info - Express server listening on port 5000
[2016-02-22 18:13:34.377] [INFO] info - Mongo server listening on port 27017
[2016-02-22 18:13:34.383] [INFO] info - Express server listening on port 5000
[2016-02-22 18:14:54.225] [INFO] info - Mongo server listening on port 27017
[2016-02-22 18:14:54.230] [INFO] info - Express server listening on port 5000
[2016-02-22 18:17:14.683] [INFO] info - Mongo server listening on port 27017
[2016-02-22 18:17:14.688] [INFO] info - Express server listening on port 5000
[2016-02-22 18:22:02.766] [INFO] info - Mongo server listening on port 27017
[2016-02-22 18:22:02.772] [INFO] info - Express server listening on port 5000
[2016-02-22 18:34:00.488] [INFO] info - Mongo server listening on port 27017
[2016-02-22 18:34:00.496] [INFO] info - Express server listening on port 5000
[2016-02-22 18:35:27.750] [INFO] info - Mongo server listening on port 27017
[2016-02-22 18:35:27.755] [INFO] info - Express server listening on port 5000
[2016-02-22 18:35:50.966] [INFO] info - Mongo server listening on port 27017
[2016-02-22 18:35:50.971] [INFO] info - Express server listening on port 5000
[2016-02-22 18:36:39.107] [INFO] info - Mongo server listening on port 27017
[2016-02-22 18:36:39.113] [INFO] info - Express server listening on port 5000
[2016-02-22 22:33:01.774] [INFO] info - Mongo server listening on port 27017
[2016-02-22 22:33:01.780] [INFO] info - Express server listening on port 5000
[2016-02-22 22:35:52.740] [INFO] info - Mongo server listening on port 27017
[2016-02-22 22:35:52.745] [INFO] info - Express server listening on port 5000
[2016-02-22 22:37:11.918] [INFO] info - Mongo server listening on port 27017
[2016-02-22 22:37:11.923] [INFO] info - Express server listening on port 3000
[2016-02-22 22:41:44.532] [INFO] info - Mongo server listening on port 27017
[2016-02-22 22:41:44.537] [INFO] info - Express server listening on port 5000
[2016-02-22 22:42:57.385] [INFO] info - Mongo server listening on port 27017
[2016-02-22 22:42:57.390] [INFO] info - Express server listening on port 5000
[2016-02-22 22:43:28.733] [INFO] info - Mongo server listening on port 27017
[2016-02-22 22:43:28.746] [INFO] info - Express server listening on port 5000
[2016-02-22 22:50:20.940] [INFO] info - Mongo server listening on port 27017
[2016-02-22 22:50:20.945] [INFO] info - Express server listening on port 5000
[2016-02-22 22:56:08.296] [INFO] info - Mongo server listening on port 27017
[2016-02-22 22:56:08.302] [INFO] info - Express server listening on port 5000
[2016-02-22 22:58:54.450] [INFO] info - Mongo server listening on port 27017
[2016-02-22 22:58:54.455] [INFO] info - Express server listening on port 3000
[2016-02-22 23:38:31.212] [INFO] info - Mongo server listening on port 27017
[2016-02-22 23:38:31.218] [INFO] info - Express server listening on port 5000
[2016-02-22 23:41:03.446] [INFO] info - Mongo server listening on port 27017
[2016-02-22 23:41:03.451] [INFO] info - Express server listening on port 5000
[2016-02-22 23:41:50.096] [INFO] info - Mongo server listening on port 27017
[2016-02-22 23:41:50.102] [INFO] info - Express server listening on port 5000
[2016-02-22 23:47:41.151] [INFO] info - Mongo server listening on port 27017
[2016-02-22 23:47:41.156] [INFO] info - Express server listening on port 5000
[2016-02-23 00:12:38.184] [INFO] info - Mongo server listening on port 27017
[2016-02-23 00:12:38.192] [INFO] info - Express server listening on port 5000
[2016-02-23 00:14:37.651] [INFO] info - Mongo server listening on port 27017
[2016-02-23 00:14:37.676] [INFO] info - Express server listening on port 5000
[2016-02-23 00:16:50.243] [INFO] info - Mongo server listening on port 27017
[2016-02-23 00:16:50.253] [INFO] info - Express server listening on port 5000
[2016-02-23 00:17:41.504] [INFO] info - Mongo server listening on port 27017
[2016-02-23 00:17:41.510] [INFO] info - Express server listening on port 5000
[2016-02-23 00:18:05.903] [INFO] info - Mongo server listening on port 27017
[2016-02-23 00:18:05.908] [INFO] info - Express server listening on port 5000
[2016-02-23 09:17:25.594] [INFO] info - Mongo server listening on port 27017
[2016-02-23 09:17:25.600] [INFO] info - Express server listening on port 5000
[2016-02-23 09:17:52.549] [INFO] info - Mongo server listening on port 27017
[2016-02-23 09:17:52.555] [INFO] info - Express server listening on port 5000
[2016-02-23 09:18:49.647] [INFO] info - Mongo server listening on port 27017
[2016-02-23 09:18:49.652] [INFO] info - Express server listening on port 5000
[2016-02-23 09:20:10.023] [INFO] info - Mongo server listening on port 27017
[2016-02-23 09:20:10.027] [INFO] info - Express server listening on port 5000
[2016-02-23 09:23:16.825] [INFO] info - Mongo server listening on port 27017
[2016-02-23 09:23:16.831] [INFO] info - Express server listening on port 5000
[2016-02-23 09:23:37.825] [INFO] info - Mongo server listening on port 27017
[2016-02-23 09:23:37.830] [INFO] info - Express server listening on port 5000
[2016-02-23 09:24:14.006] [INFO] info - Mongo server listening on port 27017
[2016-02-23 09:24:14.011] [INFO] info - Express server listening on port 5000
[2016-02-23 09:26:31.958] [INFO] info - Mongo server listening on port 27017
[2016-02-23 09:26:31.963] [INFO] info - Express server listening on port 5000
[2016-02-23 09:36:05.274] [INFO] info - Mongo server listening on port 27017
[2016-02-23 09:36:05.280] [INFO] info - Express server listening on port 5000
[2016-02-23 09:36:44.704] [INFO] info - Mongo server listening on port 27017
[2016-02-23 09:36:44.709] [INFO] info - Express server listening on port 5000
[2016-02-23 09:38:17.007] [INFO] info - Mongo server listening on port 27017
[2016-02-23 09:38:17.012] [INFO] info - Express server listening on port 5000
[2016-02-23 09:39:32.139] [INFO] info - Mongo server listening on port 27017
[2016-02-23 09:39:32.145] [INFO] info - Express server listening on port 5000
[2016-02-23 09:43:22.059] [INFO] info - Mongo server listening on port 27017
[2016-02-23 09:43:22.063] [INFO] info - Express server listening on port 5000
[2016-02-23 09:46:15.501] [INFO] info - Mongo server listening on port 27017
[2016-02-23 09:46:15.505] [INFO] info - Express server listening on port 5000
[2016-02-23 09:52:01.331] [INFO] info - Mongo server listening on port 27017
[2016-02-23 09:52:01.336] [INFO] info - Express server listening on port 5000
[2016-02-23 09:53:05.268] [INFO] info - Mongo server listening on port 27017
[2016-02-23 09:53:05.274] [INFO] info - Express server listening on port 5000
[2016-02-23 09:54:07.751] [INFO] info - Mongo server listening on port 27017
[2016-02-23 09:54:07.756] [INFO] info - Express server listening on port 5000
[2016-02-23 09:54:45.738] [INFO] info - Mongo server listening on port 27017
[2016-02-23 09:54:45.744] [INFO] info - Express server listening on port 5000
[2016-02-23 10:14:30.027] [INFO] info - Mongo server listening on port 27017
[2016-02-23 10:14:30.032] [INFO] info - Express server listening on port 5000
[2016-02-23 10:15:08.277] [INFO] info - Mongo server listening on port 27017
[2016-02-23 10:15:08.283] [INFO] info - Express server listening on port 5000
[2016-02-23 10:21:02.674] [INFO] info - Mongo server listening on port 27017
[2016-02-23 10:21:02.679] [INFO] info - Express server listening on port 5000
[2016-02-23 10:25:47.220] [INFO] info - Mongo server listening on port 27017
[2016-02-23 10:25:47.225] [INFO] info - Express server listening on port 5000
[2016-02-23 10:27:05.932] [INFO] info - Mongo server listening on port 27017
[2016-02-23 10:27:05.939] [INFO] info - Express server listening on port 3000
[2016-02-23 10:27:50.799] [INFO] info - /upload route accepted
[2016-02-23 10:27:50.800] [INFO] info - Start uploading the file to server.
[2016-02-23 10:27:50.820] [INFO] info - file uploaded.
[2016-02-23 10:27:50.821] [INFO] info - file uploaded
[2016-02-23 10:27:50.821] [INFO] info - Start uploading the user info.
[2016-02-23 10:27:50.822] [INFO] info - Start to input members to the member_brief field
[2016-02-23 10:27:50.823] [INFO] info - Start to insert to detail
[2016-02-23 10:27:50.885] [INFO] info - Connet to mongo successfully
[2016-02-23 10:27:50.893] [INFO] info - Insert doc into 'detail' collection!
[2016-02-23 10:27:50.893] [INFO] info - Insert doc successfully
[2016-02-23 10:27:50.895] [INFO] info - mongo connections closed
[2016-02-23 10:28:36.634] [INFO] info - Mongo server listening on port 27017
[2016-02-23 10:28:36.638] [INFO] info - Express server listening on port 5000
[2016-02-23 10:30:20.654] [INFO] info - Mongo server listening on port 27017
[2016-02-23 10:30:20.660] [INFO] info - Express server listening on port 5000
[2016-02-23 10:33:24.996] [INFO] info - Mongo server listening on port 27017
[2016-02-23 10:33:25.000] [INFO] info - Express server listening on port 5000
[2016-02-23 10:34:35.549] [INFO] info - Mongo server listening on port 27017
[2016-02-23 10:34:35.554] [INFO] info - Express server listening on port 5000
[2016-02-23 10:54:39.727] [INFO] info - Mongo server listening on port 27017
[2016-02-23 10:54:39.732] [INFO] info - Express server listening on port 5000
[2016-02-23 11:00:59.278] [INFO] info - Mongo server listening on port 27017
[2016-02-23 11:00:59.284] [INFO] info - Express server listening on port 5000
[2016-02-23 11:04:51.984] [INFO] info - Mongo server listening on port 27017
[2016-02-23 11:04:51.990] [INFO] info - Express server listening on port 5000
[2016-02-23 11:07:02.248] [INFO] info - Mongo server listening on port 27017
[2016-02-23 11:07:02.253] [INFO] info - Express server listening on port 5000
[2016-02-23 11:10:30.392] [INFO] info - Mongo server listening on port 27017
[2016-02-23 11:10:30.398] [INFO] info - Express server listening on port 5000
[2016-02-23 11:16:42.103] [INFO] info - Mongo server listening on port 27017
[2016-02-23 11:16:42.107] [INFO] info - Express server listening on port 5000
[2016-02-23 11:17:50.073] [INFO] info - Mongo server listening on port 27017
[2016-02-23 11:17:50.080] [INFO] info - Express server listening on port 3000
